2025-11-21 20:29:31,370 - root - INFO - Debug mode enabled
2025-11-21 20:29:31,370 - root - INFO - Starting anyquereDesktop...
2025-11-21 20:29:31,370 - root - INFO - Creating SystemTrayApp...
2025-11-21 20:29:31,370 - root - INFO - Creating FixedSystemTrayApp...
2025-11-21 20:29:31,371 - root - INFO - ✓ DataManager created successfully
2025-11-21 20:29:31,371 - root - INFO - Creating icon image...
2025-11-21 20:29:31,385 - root - INFO - Icon image created: (64, 64), mode: RGB
2025-11-21 20:29:31,480 - root - INFO - ✓ System tray icon created successfully
2025-11-21 20:29:31,480 - root - INFO - ✓ System tray icon created successfully
2025-11-21 20:29:31,480 - root - INFO - SystemTrayApp created successfully
2025-11-21 20:29:31,480 - root - INFO - Starting system tray...
2025-11-21 20:29:31,480 - root - INFO - Starting system tray...
2025-11-21 20:29:40,286 - root - INFO - Quitting anyquereDesktop...
2025-11-21 20:29:40,291 - root - INFO - ✓ System tray stopped
2025-11-21 20:29:40,292 - root - INFO - System tray completed successfully
2025-11-21 20:30:19,471 - root - INFO - Debug mode enabled
2025-11-21 20:30:19,471 - root - INFO - Starting anyquereDesktop...
2025-11-21 20:30:19,471 - root - INFO - Creating SystemTrayApp...
2025-11-21 20:30:19,471 - root - INFO - Creating FixedSystemTrayApp...
2025-11-21 20:30:19,471 - root - INFO - ✓ DataManager created successfully
2025-11-21 20:30:19,471 - root - INFO - Creating icon image...
2025-11-21 20:30:19,477 - root - INFO - Icon image created: (64, 64), mode: RGB
2025-11-21 20:30:19,565 - root - INFO - ✓ System tray icon created successfully
2025-11-21 20:30:19,565 - root - INFO - ✓ System tray icon created successfully
2025-11-21 20:30:19,565 - root - INFO - SystemTrayApp created successfully
2025-11-21 20:30:19,565 - root - INFO - Starting system tray...
2025-11-21 20:30:19,565 - root - INFO - Starting system tray...
2025-11-21 20:30:23,527 - root - INFO - Creating search window...
2025-11-21 20:30:27,525 - root - INFO - Creating settings window...
2025-11-21 20:31:32,174 - root - INFO - Debug mode enabled
2025-11-21 20:31:32,175 - root - INFO - Starting anyquereDesktop...
2025-11-21 20:31:32,175 - root - INFO - Creating SystemTrayApp...
2025-11-21 20:31:32,175 - root - INFO - Creating FixedSystemTrayApp...
2025-11-21 20:31:32,175 - root - INFO - ✓ DataManager created successfully
2025-11-21 20:31:32,175 - root - INFO - Creating icon image...
2025-11-21 20:31:32,192 - root - INFO - Icon image created: (64, 64), mode: RGB
2025-11-21 20:31:32,279 - root - INFO - ✓ System tray icon created successfully
2025-11-21 20:31:32,279 - root - INFO - ✓ System tray icon created successfully
2025-11-21 20:31:32,279 - root - INFO - SystemTrayApp created successfully
2025-11-21 20:31:32,279 - root - INFO - Starting system tray...
2025-11-21 20:31:32,279 - root - INFO - Starting system tray...
2025-11-21 20:32:49,615 - root - INFO - Debug mode enabled
2025-11-21 20:32:49,616 - root - INFO - Starting anyquereDesktop...
2025-11-21 20:32:49,616 - root - INFO - Creating SystemTrayApp...
2025-11-21 20:32:49,616 - root - INFO - Creating FixedSystemTrayApp...
2025-11-21 20:32:49,616 - root - INFO - ✓ DataManager created successfully
2025-11-21 20:32:49,616 - root - INFO - Creating icon image...
2025-11-21 20:32:49,622 - root - INFO - Icon image created: (64, 64), mode: RGB
2025-11-21 20:32:49,725 - root - INFO - ✓ System tray icon created successfully
2025-11-21 20:32:49,725 - root - INFO - ✓ System tray icon created successfully
2025-11-21 20:32:49,725 - root - INFO - SystemTrayApp created successfully
2025-11-21 20:32:49,725 - root - INFO - Starting system tray...
2025-11-21 20:32:49,726 - root - INFO - Starting system tray...
2025-11-21 20:32:53,869 - root - INFO - Quitting anyquereDesktop...
2025-11-21 20:32:53,875 - root - INFO - ✓ System tray stopped
2025-11-21 20:32:53,875 - root - INFO - System tray completed successfully
2025-11-21 20:32:56,317 - root - INFO - Quitting anyquereDesktop...
2025-11-21 20:32:56,323 - root - INFO - ✓ System tray stopped
2025-11-21 20:32:56,323 - root - INFO - System tray completed successfully
2025-11-21 20:32:58,431 - root - INFO - Debug mode enabled
2025-11-21 20:32:58,436 - root - INFO - Starting anyquereDesktop...
2025-11-21 20:32:58,436 - root - INFO - Creating SystemTrayApp...
2025-11-21 20:32:58,436 - root - INFO - Creating FixedSystemTrayApp...
2025-11-21 20:32:58,436 - root - INFO - ✓ DataManager created successfully
2025-11-21 20:32:58,437 - root - INFO - Creating icon image...
2025-11-21 20:32:58,449 - root - INFO - Icon image created: (64, 64), mode: RGB
2025-11-21 20:32:58,532 - root - INFO - ✓ System tray icon created successfully
2025-11-21 20:32:58,532 - root - INFO - ✓ System tray icon created successfully
2025-11-21 20:32:58,532 - root - INFO - SystemTrayApp created successfully
2025-11-21 20:32:58,532 - root - INFO - Starting system tray...
2025-11-21 20:32:58,532 - root - INFO - Starting system tray...
2025-11-21 20:33:01,698 - root - INFO - Creating search window...
2025-11-21 20:33:08,351 - root - INFO - Settings menu clicked - attempting to show window
2025-11-21 22:00:54,198 - root - INFO - Debug mode enabled
2025-11-21 22:00:54,199 - root - INFO - Starting anyquereDesktop...
2025-11-21 22:00:54,199 - root - INFO - Creating SystemTrayApp...
2025-11-21 22:00:54,199 - root - INFO - macOS detected - disabling Tkinter threading
2025-11-21 22:00:54,199 - root - INFO - Creating SystemTrayApp...
2025-11-21 22:00:54,199 - root - INFO - ✓ DataManager created successfully
2025-11-21 22:00:54,386 - root - INFO - ✓ Tkinter initialized in main thread for macOS
2025-11-21 22:00:54,386 - root - INFO - Creating icon image...
2025-11-21 22:00:54,398 - root - INFO - Icon image created: (64, 64), mode: RGB
2025-11-21 22:00:54,402 - root - INFO - ✓ System tray icon created successfully
2025-11-21 22:00:54,402 - root - INFO - ✓ System tray icon created successfully
2025-11-21 22:00:54,403 - root - INFO - SystemTrayApp created successfully
2025-11-21 22:00:54,403 - root - INFO - Starting system tray...
2025-11-21 22:00:54,403 - root - INFO - Starting system tray...
2025-11-21 22:04:22,907 - root - INFO - Quitting anyquereDesktop...
2025-11-21 22:04:22,918 - root - INFO - ✓ System tray stopped
2025-11-21 22:04:22,918 - root - INFO - System tray completed successfully
2025-11-21 22:06:02,859 - root - INFO - Debug mode enabled
2025-11-21 22:06:02,860 - root - INFO - Starting anyquereDesktop...
2025-11-21 22:06:02,860 - root - INFO - Creating SystemTrayApp...
2025-11-21 22:06:02,860 - root - INFO - macOS detected - disabling Tkinter threading
2025-11-21 22:06:02,860 - root - INFO - Creating SystemTrayApp...
2025-11-21 22:06:02,860 - root - INFO - ✓ DataManager created successfully
2025-11-21 22:06:03,048 - root - INFO - ✓ Tkinter initialized in main thread for macOS
2025-11-21 22:06:03,048 - root - INFO - ⚠️  macOS detected - skipping pystray icon creation (using menu window instead)
2025-11-21 22:06:03,048 - root - INFO - SystemTrayApp created successfully
2025-11-21 22:06:03,048 - root - INFO - Starting system tray...
2025-11-21 22:06:03,048 - root - INFO - Starting system tray...
2025-11-21 22:06:03,048 - root - INFO - Using macOS-safe system tray mode...
2025-11-21 22:06:03,048 - root - INFO - Starting tkinter main loop for macOS...
2025-11-21 22:06:03,062 - root - INFO - Simple menu window created as system tray alternative
2025-11-21 22:10:42,386 - root - INFO - Debug mode enabled
2025-11-21 22:10:42,388 - root - INFO - Starting anyquereDesktop...
2025-11-21 22:10:42,388 - root - INFO - Creating SystemTrayApp...
2025-11-21 22:10:42,388 - root - INFO - macOS detected - using main thread mode
2025-11-21 22:10:42,388 - root - INFO - Creating SystemTrayApp...
2025-11-21 22:10:42,389 - root - INFO - ✓ DataManager created successfully
2025-11-21 22:10:42,389 - root - INFO - Creating icon image...
2025-11-21 22:10:42,401 - root - INFO - Icon image created: (64, 64), mode: RGB
2025-11-21 22:10:42,496 - root - INFO - ✓ System tray icon created successfully
2025-11-21 22:10:42,496 - root - INFO - ✓ System tray icon created successfully
2025-11-21 22:10:42,497 - root - INFO - Tkinter will be initialized on demand for macOS
2025-11-21 22:10:42,497 - root - INFO - SystemTrayApp created successfully
2025-11-21 22:10:42,497 - root - INFO - Starting system tray...
2025-11-21 22:10:42,497 - root - INFO - Starting system tray...
2025-11-21 22:14:31,858 - root - INFO - Initializing tkinter on demand...
2025-11-21 22:14:34,404 - root - INFO - Initializing tkinter on demand...
2025-11-21 22:16:50,931 - root - INFO - Debug mode enabled
2025-11-21 22:16:50,932 - root - INFO - Starting anyquereDesktop...
2025-11-21 22:16:50,932 - root - INFO - Creating SystemTrayApp...
2025-11-21 22:16:50,932 - root - INFO - macOS detected - using main thread mode
2025-11-21 22:16:50,932 - root - INFO - Creating SystemTrayApp...
2025-11-21 22:16:50,932 - root - INFO - ✓ DataManager created successfully
2025-11-21 22:16:50,932 - root - INFO - Creating icon image...
2025-11-21 22:16:50,938 - root - INFO - Icon image created: (64, 64), mode: RGB
2025-11-21 22:16:51,024 - root - INFO - ✓ System tray icon created successfully
2025-11-21 22:16:51,024 - root - INFO - ✓ System tray icon created successfully
2025-11-21 22:16:51,024 - root - INFO - Tkinter will be initialized on demand for macOS
2025-11-21 22:16:51,024 - root - INFO - SystemTrayApp created successfully
2025-11-21 22:16:51,024 - root - INFO - Starting system tray...
2025-11-21 22:16:51,024 - root - INFO - Starting system tray...
2025-11-21 22:17:00,407 - root - INFO - Quitting anyquereDesktop...
2025-11-21 22:17:00,409 - root - INFO - ✓ System tray stopped
2025-11-21 22:17:00,409 - root - INFO - System tray completed successfully
2025-11-21 22:17:02,318 - root - INFO - Quitting anyquereDesktop...
2025-11-21 22:19:29,850 - root - INFO - Debug mode enabled
2025-11-21 22:19:29,851 - root - INFO - Starting anyquereDesktop...
2025-11-21 22:19:29,852 - root - INFO - Creating SystemTrayApp...
2025-11-21 22:19:29,852 - root - INFO - macOS detected - using main thread mode
2025-11-21 22:19:29,852 - root - INFO - Creating SystemTrayApp...
2025-11-21 22:19:29,852 - root - INFO - ✓ DataManager created successfully
2025-11-21 22:19:29,852 - root - INFO - Creating icon image...
2025-11-21 22:19:29,858 - root - INFO - Icon image created: (64, 64), mode: RGB
2025-11-21 22:19:29,927 - root - INFO - ✓ System tray icon created successfully
2025-11-21 22:19:29,927 - root - INFO - ✓ System tray icon created successfully
2025-11-21 22:19:29,927 - root - INFO - Tkinter will be initialized on demand for macOS
2025-11-21 22:19:29,927 - root - INFO - SystemTrayApp created successfully
2025-11-21 22:19:29,927 - root - INFO - Starting system tray...
2025-11-21 22:19:29,927 - root - INFO - Starting system tray...
2025-11-21 22:19:33,038 - root - INFO - Initializing tkinter on demand...
2025-11-21 22:19:36,203 - root - INFO - Initializing tkinter on demand...
2025-11-21 22:19:38,603 - root - INFO - Quitting anyquereDesktop...
2025-11-21 22:22:11,749 - root - INFO - Debug mode enabled
2025-11-21 22:22:11,749 - root - INFO - Starting anyquereDesktop...
2025-11-21 22:22:11,749 - root - INFO - Creating SystemTrayApp...
2025-11-21 22:22:11,749 - root - INFO - macOS detected - using main thread mode
2025-11-21 22:22:11,749 - root - INFO - Creating SystemTrayApp...
2025-11-21 22:22:11,749 - root - INFO - ✓ DataManager created successfully
2025-11-21 22:22:11,749 - root - INFO - Creating icon image...
2025-11-21 22:22:11,762 - root - INFO - Icon image created: (64, 64), mode: RGB
2025-11-21 22:22:11,859 - root - INFO - ✓ System tray icon created successfully
2025-11-21 22:22:11,859 - root - INFO - ✓ System tray icon created successfully
2025-11-21 22:22:11,859 - root - INFO - Tkinter will be initialized on demand for macOS
2025-11-21 22:22:11,859 - root - INFO - SystemTrayApp created successfully
2025-11-21 22:22:11,859 - root - INFO - Starting system tray...
2025-11-21 22:22:11,859 - root - INFO - Starting system tray...
2025-11-21 22:26:26,658 - root - INFO - Initializing tkinter on demand...
2025-11-21 22:26:29,415 - root - INFO - Initializing tkinter on demand...
2025-11-21 22:26:31,865 - root - INFO - Quitting anyquereDesktop...
2025-11-21 22:26:44,902 - root - INFO - Debug mode enabled
2025-11-21 22:26:44,902 - root - INFO - Starting anyquereDesktop...
2025-11-21 22:26:44,902 - root - INFO - Creating SystemTrayApp...
2025-11-21 22:26:44,902 - root - INFO - macOS detected - using main thread mode
2025-11-21 22:26:44,902 - root - INFO - Creating SystemTrayApp...
2025-11-21 22:26:44,902 - root - INFO - ✓ DataManager created successfully
2025-11-21 22:26:44,902 - root - INFO - Creating icon image...
2025-11-21 22:26:44,908 - root - INFO - Icon image created: (64, 64), mode: RGB
2025-11-21 22:26:44,977 - root - INFO - ✓ System tray icon created successfully
2025-11-21 22:26:44,977 - root - INFO - ✓ System tray icon created successfully
2025-11-21 22:26:44,977 - root - INFO - Tkinter will be initialized on demand for macOS
2025-11-21 22:26:44,977 - root - INFO - SystemTrayApp created successfully
2025-11-21 22:26:44,978 - root - INFO - Starting system tray...
2025-11-21 22:26:44,978 - root - INFO - Starting system tray...
2025-11-21 22:26:50,819 - root - INFO - Initializing tkinter on demand...
2025-11-21 22:26:55,932 - root - INFO - Initializing tkinter on demand...
2025-11-21 22:26:59,182 - root - INFO - Quitting anyquereDesktop...
2025-11-21 22:31:59,568 - root - INFO - Debug mode enabled
2025-11-21 22:31:59,571 - root - INFO - Starting anyquereDesktop...
2025-11-21 22:31:59,571 - root - INFO - Creating SystemTrayApp...
2025-11-21 22:31:59,571 - root - INFO - Creating SystemTrayApp...
2025-11-21 22:31:59,572 - root - INFO - ✓ DataManager created successfully
2025-11-21 22:31:59,572 - root - INFO - Tkinter thread started
2025-11-21 22:31:59,572 - root - INFO - ✓ Tkinter thread started
2025-11-21 22:31:59,572 - root - INFO - Creating icon image...
2025-11-21 22:31:59,595 - root - INFO - Icon image created: (64, 64), mode: RGB
2025-11-21 22:44:49,057 - root - INFO - Debug mode enabled
2025-11-21 22:44:49,058 - root - INFO - Starting anyquereDesktop...
2025-11-21 22:44:49,058 - root - INFO - Creating SystemTrayApp...
2025-11-21 22:44:49,058 - root - INFO - Creating SystemTrayApp...
2025-11-21 22:44:49,058 - root - INFO - ✓ DataManager created successfully
2025-11-21 22:44:49,058 - root - INFO - Qt thread started
2025-11-21 22:44:49,058 - root - INFO - ✓ Qt thread started
2025-11-21 22:44:49,058 - root - INFO - Creating icon image...
2025-11-21 22:44:49,084 - root - INFO - Icon image created: (64, 64), mode: RGB
2025-11-21 22:44:49,197 - root - INFO - ✓ System tray icon created successfully
2025-11-21 22:44:49,197 - root - INFO - ✓ System tray icon created successfully
2025-11-21 22:44:49,197 - root - INFO - SystemTrayApp created successfully
2025-11-21 22:44:49,197 - root - INFO - Starting system tray...
2025-11-21 22:44:49,197 - root - INFO - Starting system tray...
2025-11-21 22:47:09,728 - root - INFO - Debug mode enabled
2025-11-21 22:47:09,728 - root - INFO - Starting anyquereDesktop...
2025-11-21 22:47:09,728 - root - INFO - Creating SystemTrayApp...
2025-11-21 22:47:09,728 - root - INFO - Creating SystemTrayApp...
2025-11-21 22:47:09,728 - root - INFO - ✓ DataManager created successfully
2025-11-21 22:47:09,729 - root - INFO - Qt thread started
2025-11-21 22:47:09,729 - root - INFO - ✓ Qt thread started
2025-11-21 22:47:09,729 - root - INFO - Creating icon image...
2025-11-21 22:47:09,740 - root - INFO - Icon image created: (64, 64), mode: RGB
2025-11-21 22:47:09,839 - root - INFO - ✓ System tray icon created successfully
2025-11-21 22:47:09,839 - root - INFO - ✓ System tray icon created successfully
2025-11-21 22:47:09,839 - root - INFO - SystemTrayApp created successfully
2025-11-21 22:47:09,839 - root - INFO - Starting system tray...
2025-11-21 22:47:09,840 - root - INFO - Starting system tray...
2025-11-21 22:47:14,117 - root - INFO - Quitting anyquereDesktop...
2025-11-21 22:47:14,120 - root - INFO - ✓ System tray stopped
2025-11-21 22:47:14,120 - root - INFO - System tray completed successfully
2025-11-21 22:47:32,595 - root - INFO - Debug mode enabled
2025-11-21 22:47:32,595 - root - INFO - Starting anyquereDesktop...
2025-11-21 22:47:32,595 - root - INFO - Creating SystemTrayApp...
2025-11-21 22:47:32,595 - root - INFO - Creating SystemTrayApp...
2025-11-21 22:47:32,597 - root - INFO - ✓ DataManager created successfully
2025-11-21 22:47:32,597 - root - INFO - Qt thread started
2025-11-21 22:47:32,597 - root - INFO - ✓ Qt thread started
2025-11-21 22:47:32,597 - root - INFO - Creating icon image...
2025-11-21 22:47:32,613 - root - INFO - Icon image created: (64, 64), mode: RGB
2025-11-21 22:47:32,700 - root - INFO - ✓ System tray icon created successfully
2025-11-21 22:47:32,700 - root - INFO - ✓ System tray icon created successfully
2025-11-21 22:47:32,700 - root - INFO - SystemTrayApp created successfully
2025-11-21 22:47:32,700 - root - INFO - Starting system tray...
2025-11-21 22:47:32,700 - root - INFO - Starting system tray...
2025-11-21 22:47:35,453 - root - INFO - Quitting anyquereDesktop...
2025-11-21 22:47:35,459 - root - INFO - ✓ System tray stopped
2025-11-21 22:47:35,459 - root - INFO - System tray completed successfully
2025-11-21 22:47:38,150 - root - INFO - Quitting anyquereDesktop...
2025-11-21 22:47:38,155 - root - INFO - ✓ System tray stopped
2025-11-21 22:47:38,155 - root - INFO - System tray completed successfully
2025-11-21 22:47:57,914 - root - INFO - Debug mode enabled
2025-11-21 22:47:57,915 - root - INFO - Starting anyquereDesktop...
2025-11-21 22:47:57,915 - root - INFO - Creating SystemTrayApp...
2025-11-21 22:47:57,915 - root - INFO - Creating SystemTrayApp...
2025-11-21 22:47:57,915 - root - INFO - ✓ DataManager created successfully
2025-11-21 22:47:57,915 - root - INFO - Qt thread started
2025-11-21 22:47:57,915 - root - INFO - ✓ Qt thread started
2025-11-21 22:47:57,915 - root - INFO - Creating icon image...
2025-11-21 22:47:57,942 - root - INFO - Icon image created: (64, 64), mode: RGB
2025-11-21 22:48:52,078 - root - INFO - Debug mode enabled
2025-11-21 22:48:52,078 - root - INFO - Starting anyquereDesktop...
2025-11-21 22:48:52,078 - root - INFO - Creating SystemTrayApp...
2025-11-21 22:48:52,078 - root - INFO - Creating SystemTrayApp...
2025-11-21 22:48:52,078 - root - INFO - ✓ DataManager created successfully
2025-11-21 22:48:52,078 - root - INFO - Qt thread started
2025-11-21 22:48:52,078 - root - INFO - ✓ Qt thread started
2025-11-21 22:48:52,078 - root - INFO - Creating icon image...
2025-11-21 22:48:52,100 - root - INFO - Icon image created: (64, 64), mode: RGB
2025-11-21 22:51:41,422 - root - INFO - Debug mode enabled
2025-11-21 22:51:41,423 - root - INFO - Starting anyquereDesktop...
2025-11-21 22:51:41,423 - root - INFO - Creating SystemTrayApp...
2025-11-21 22:51:41,423 - root - INFO - Creating SystemTrayApp...
2025-11-21 22:51:41,710 - root - INFO - ✓ QApplication created in main thread
2025-11-21 22:51:41,710 - root - INFO - ✓ Qt initialized in main thread for macOS
2025-11-21 22:51:41,710 - root - INFO - ✓ Qt initialized in main thread
2025-11-21 22:51:41,711 - root - INFO - ✓ DataManager created successfully
2025-11-21 22:51:41,711 - root - INFO - Creating icon image...
2025-11-21 22:51:41,728 - root - INFO - Icon image created: (64, 64), mode: RGB
2025-11-21 22:51:41,755 - root - INFO - ✓ System tray icon created successfully
2025-11-21 22:51:41,755 - root - INFO - ✓ System tray icon created successfully
2025-11-21 22:51:41,755 - root - INFO - SystemTrayApp created successfully
2025-11-21 22:51:41,755 - root - INFO - Starting system tray...
2025-11-21 22:51:41,755 - root - INFO - Starting system tray...
2025-11-21 22:51:41,755 - root - INFO - pystray thread started successfully
2025-11-21 22:51:41,755 - root - INFO - pystray thread started
2025-11-21 22:51:41,755 - root - INFO - Starting Qt event loop in main thread...
2025-11-21 22:51:41,824 - root - INFO - pystray loop completed
2025-11-21 22:54:24,864 - root - INFO - Debug mode enabled
2025-11-21 22:54:24,864 - root - INFO - Starting anyquereDesktop...
2025-11-21 22:54:24,864 - root - INFO - Creating SystemTrayApp...
2025-11-21 22:54:24,864 - root - INFO - Creating SystemTrayApp...
2025-11-21 22:54:25,013 - root - INFO - ✓ QApplication created in main thread
2025-11-21 22:54:25,013 - root - INFO - ✓ Qt initialized in main thread for macOS
2025-11-21 22:54:25,013 - root - INFO - ✓ Qt initialized in main thread
2025-11-21 22:54:25,013 - root - INFO - ✓ DataManager created successfully
2025-11-21 22:54:25,013 - root - INFO - Creating icon image...
2025-11-21 22:54:25,022 - root - INFO - Icon image created: (64, 64), mode: RGB
2025-11-21 22:54:25,041 - root - INFO - ✓ System tray icon created successfully
2025-11-21 22:54:25,041 - root - INFO - ✓ System tray icon created successfully
2025-11-21 22:54:25,041 - root - INFO - SystemTrayApp created successfully
2025-11-21 22:54:25,041 - root - INFO - Starting system tray...
2025-11-21 22:54:25,041 - root - INFO - Starting system tray...
2025-11-21 22:54:25,041 - root - INFO - pystray thread started successfully
2025-11-21 22:54:25,041 - root - INFO - pystray thread started
2025-11-21 22:54:25,041 - root - INFO - Starting Qt event loop in main thread...
2025-11-21 22:54:25,067 - root - INFO - pystray loop completed
2025-11-21 22:55:37,501 - root - INFO - Debug mode enabled
2025-11-21 22:55:37,501 - root - INFO - Starting anyquereDesktop...
2025-11-21 22:55:37,501 - root - INFO - Creating SystemTrayApp...
2025-11-21 22:55:37,501 - root - INFO - Creating SystemTrayApp...
2025-11-21 22:55:37,649 - root - INFO - ✓ QApplication created in main thread
2025-11-21 22:55:37,649 - root - INFO - ✓ Qt initialized in main thread for macOS
2025-11-21 22:55:37,649 - root - INFO - ✓ Qt initialized in main thread
2025-11-21 22:55:37,649 - root - INFO - ✓ DataManager created successfully
2025-11-21 22:55:37,649 - root - INFO - Creating icon image...
2025-11-21 22:55:37,658 - root - INFO - Icon image created: (64, 64), mode: RGB
2025-11-21 22:55:37,685 - root - INFO - ✓ System tray icon created successfully
2025-11-21 22:55:37,685 - root - INFO - ✓ System tray icon created successfully
2025-11-21 22:55:37,685 - root - INFO - SystemTrayApp created successfully
2025-11-21 22:55:37,685 - root - INFO - Starting system tray...
2025-11-21 22:55:37,685 - root - INFO - Starting system tray...
2025-11-21 22:55:37,685 - root - INFO - pystray thread started successfully
2025-11-21 22:55:37,685 - root - INFO - pystray thread started
2025-11-21 22:55:37,685 - root - INFO - Starting Qt event loop in main thread...
2025-11-21 22:55:37,709 - root - INFO - pystray loop completed
2025-11-21 22:58:23,512 - root - INFO - Debug mode enabled
2025-11-21 22:58:23,513 - root - INFO - Starting anyquereDesktop...
2025-11-21 22:58:23,513 - root - INFO - Creating SystemTrayApp...
2025-11-21 22:58:23,513 - root - INFO - Creating SystemTrayApp...
2025-11-21 22:58:23,647 - root - INFO - ✓ QApplication created in main thread
2025-11-21 22:58:23,647 - root - INFO - ✓ Qt initialized in main thread for macOS
2025-11-21 22:58:23,647 - root - INFO - ✓ Qt initialized in main thread
2025-11-21 22:58:23,647 - root - INFO - ✓ DataManager created successfully
2025-11-21 22:58:23,647 - root - INFO - Creating icon image...
2025-11-21 22:58:23,656 - root - INFO - Icon image created: (64, 64), mode: RGB
2025-11-21 22:58:23,687 - root - INFO - ✓ System tray icon created successfully
2025-11-21 22:58:23,687 - root - INFO - ✓ System tray icon created successfully
2025-11-21 22:58:23,687 - root - INFO - SystemTrayApp created successfully
2025-11-21 22:58:23,687 - root - INFO - Starting system tray...
2025-11-21 22:58:23,687 - root - INFO - Starting system tray...
2025-11-21 22:58:23,687 - root - INFO - pystray thread started successfully
2025-11-21 22:58:23,687 - root - INFO - pystray thread started
2025-11-21 22:58:23,687 - root - INFO - Starting Qt event loop in main thread...
2025-11-21 22:59:23,488 - root - INFO - Debug mode enabled
2025-11-21 22:59:23,491 - root - INFO - Starting anyquereDesktop...
2025-11-21 22:59:23,491 - root - INFO - Creating SystemTrayApp...
2025-11-21 22:59:23,491 - root - INFO - Creating SystemTrayApp...
2025-11-21 22:59:23,657 - root - INFO - ✓ QApplication created in main thread
2025-11-21 22:59:23,657 - root - INFO - ✓ Qt initialized in main thread for macOS
2025-11-21 22:59:23,657 - root - INFO - ✓ Qt initialized in main thread
2025-11-21 22:59:23,657 - root - INFO - ✓ DataManager created successfully
2025-11-21 22:59:23,657 - root - INFO - Creating icon image...
2025-11-21 22:59:23,666 - root - INFO - Icon image created: (64, 64), mode: RGB
2025-11-21 22:59:23,688 - root - INFO - ✓ System tray icon created successfully
2025-11-21 22:59:23,688 - root - INFO - ✓ System tray icon created successfully
2025-11-21 22:59:23,688 - root - INFO - SystemTrayApp created successfully
2025-11-21 22:59:23,688 - root - INFO - Starting system tray...
2025-11-21 22:59:23,688 - root - INFO - Starting system tray...
2025-11-21 22:59:23,688 - root - INFO - pystray thread started successfully
2025-11-21 22:59:23,688 - root - INFO - pystray thread started
2025-11-21 22:59:23,688 - root - INFO - Starting Qt event loop in main thread...
2025-11-21 22:59:23,718 - root - INFO - pystray loop completed
